<?xml version="1.0" encoding="UTF-8"?>
<!-- Generated by org.testng.reporters.JUnitReportReporter -->
<testsuite hostname="LAPTOP-A4ROGLP3" failures="0" tests="1" name="Task.Check_India" time="14.713" errors="0" timestamp="2023-06-27T12:09:10 IST" skipped="0">
  <testcase classname="Task.Check_India" name="check" time="14.713"/>
</testsuite> <!-- Task.Check_India -->
